Arguments: 
  C:\Program Files\nodejs\node.exe C:\Program Files (x86)\Yarn\bin\yarn.js add pluigin --name serverless-webpack

PATH: 
  C:\Program Files\Microsoft MPI\Bin\;C:\Program Files\Docker\Docker\Resources\bin;C:\Program Files (x86)\Common Files\Oracle\Java\javapath;C:\Program Files (x86)\Python36-32\Scripts\;C:\Program Files (x86)\Python36-32\;C:\Windows\system32;C:\Windows;C:\Windows\System32\Wbem;C:\Windows\System32\WindowsPowerShell\v1.0\;C:\Windows\system32\config\systemprofile\.dnx\bin;C:\Program Files\Microsoft DNX\Dnvm\;C:\Program Files\Microsoft SQL Server\130\Tools\Binn\;C:\ProgramData\chocolatey\bin;C:\Program Files (x86)\GNU\GnuPG\pub;C:\Program Files (x86)\Skype\Phone\;C:\Program Files (x86)\Microsoft Team Foundation Server 2015 Power Tools\;C:\Program Files\dotnet\;C:\Windows\Microsoft.NET\Framework\v4.0.30319\;C:\Program Files\Amazon\AWSCLI\;C:\Program Files\Microsoft SQL Server\Client SDK\ODBC\130\Tools\Binn\;C:\Program Files (x86)\Microsoft SQL Server\130\Tools\Binn\;C:\Program Files\Microsoft SQL Server\130\DTS\Binn\;C:\Program Files\Microsoft\Web Platform Installer\;C:\terraform;C:\Program Files\nodejs\;C:\Program Files (x86)\MySQL\MySQL Utilities 1.6\;C:\Program Files (x86)\dotnet\;C:\Program Files (x86)\Yarn\bin\;C:\Program Files\Git\cmd;C:\Program Files (x86)\Windows Kits\8.1\Windows Performance Toolkit\;C:\Users\francis.adediran\AppData\Local\Microsoft\WindowsApps;C:\Users\francis.adediran\AppData\Local\Programs\Fiddler;C:\Program Files\Microsoft VS Code\bin;C:\Python27;C:\terraform;C:\Users\francis.adediran\AppData\Roaming\npm;C:\Users\francis.adediran\AppData\Local\Yarn\bin;C:\Users\francis.adediran\AppData\Local\Programs\Microsoft VS Code\bin

Yarn version: 
  1.7.0

Node version: 
  8.11.1

Platform: 
  win32 x64

Trace: 
  Error: https://registry.yarnpkg.com/pluigin: Not found
      at Request.params.callback [as _callback] (C:\Program Files (x86)\Yarn\lib\cli.js:65656:18)
      at Request.self.callback (C:\Program Files (x86)\Yarn\lib\cli.js:134675:22)
      at emitTwo (events.js:126:13)
      at Request.emit (events.js:214:7)
      at Request.<anonymous> (C:\Program Files (x86)\Yarn\lib\cli.js:135658:10)
      at emitOne (events.js:116:13)
      at Request.emit (events.js:211:7)
      at IncomingMessage.<anonymous> (C:\Program Files (x86)\Yarn\lib\cli.js:135578:12)
      at Object.onceWrapper (events.js:313:30)
      at emitNone (events.js:111:20)

npm manifest: 
  {
    "name": "aws-nodejs-typescript",
    "version": "1.0.0",
    "description": "Serverless webpack example using Typescript",
    "main": "handler.js",
    "scripts": {
      "build": "serverless webpack",
      "test": "echo \"Error: no test specified\" && exit 1"
    },
    "dependencies": {
      "aws-sdk": "^2.255.1",
      "source-map-support": "^0.5.0"
    },
    "devDependencies": {
      "@types/aws-lambda": "8.10.1",
      "@types/node": "^8.0.57",
      "serverless-webpack": "^5.1.1",
      "ts-loader": "^4.2.0",
      "typescript": "^2.8.1",
      "webpack": "^4.5.0"
    },
    "author":
      "The serverless webpack authors (https://github.com/elastic-coders/serverless-webpack)",
    "license": "MIT"
  }

yarn manifest: 
  No manifest

Lockfile: 
  # THIS IS AN AUTOGENERATED FILE. DO NOT EDIT THIS FILE DIRECTLY.
  # yarn lockfile v1
